<?xml version="1.0" encoding="UTF-8"?>
<!-- Generated by org.testng.reporters.JUnitReportReporter -->
<testsuite hostname="Deepas-MBP" failures="0" tests="2" name="com.mavenios.qa.testcases.UICatalogViewTest" time="8.077" errors="0" timestamp="14 Apr 2018 03:18:47 GMT" skipped="0">
  <testcase classname="com.mavenios.qa.testcases.UICatalogViewTest" name="UICatalogViewVerify" time="8.076"/>
  <testcase classname="com.mavenios.qa.testcases.UICatalogViewTest" name="verifyUICatalogView" time="0.001"/>
</testsuite> <!-- com.mavenios.qa.testcases.UICatalogViewTest -->
